#
# There is insufficient memory for the Java Runtime Environment to continue.
# Native memory allocation (mmap) failed to map 98566144 bytes for G1 virtual space
# Possible reasons:
#   The system is out of physical RAM or swap space
#   The process is running with CompressedOops enabled, and the Java Heap may be blocking the growth of the native heap
# Possible solutions:
#   Reduce memory load on the system
#   Increase physical memory or swap space
#   Check if swap backing store is full
#   Decrease Java heap size (-Xmx/-Xms)
#   Decrease number of Java threads
#   Decrease Java thread stack sizes (-Xss)
#   Set larger code cache with -XX:ReservedCodeCacheSize=
#   JVM is running with Unscaled Compressed Oops mode in which the Java heap is
#     placed in the first 4GB address space. The Java Heap base address is the
#     maximum limit for the native heap growth. Please use -XX:HeapBaseMinAddress
#     to set the Java Heap base and to place the Java Heap above 4GB virtual address.
# This output file may be truncated or incomplete.
#
#  Out of Memory Error (./open/src/hotspot/os/windows/os_windows.cpp:3472), pid=532, tid=13448
#
# JRE version:  (15.0.1+9) (build )
# Java VM: Java HotSpot(TM) 64-Bit Server VM (15.0.1+9-18, mixed mode, sharing, tiered, compressed oops, g1 gc, windows-amd64)
# No core dump will be written. Minidumps are not enabled by default on client versions of Windows
#

---------------  S U M M A R Y ------------

Command Line: com.portfolio.wmg.WmgApplication

Host: Intel(R) Core(TM) i3 CPU       M 370  @ 2.40GHz, 4 cores, 5G,  Windows 10 , 64 bit Build 19041 (10.0.19041.2364)
Time: Thu Feb 16 16:45:08 2023 Hora estándar de Argentina elapsed time: 0.045840 seconds (0d 0h 0m 0s)

---------------  T H R E A D  ---------------

Current thread (0x000001f06878f5c0):  JavaThread "Unknown thread" [_thread_in_vm, id=13448, stack(0x0000002203a00000,0x0000002203b00000)]

Stack: [0x0000002203a00000,0x0000002203b00000]
Native frames: (J=compiled Java code, j=interpreted, Vv=VM code, C=native code)
V  [jvm.dll+0x62ae9a]
V  [jvm.dll+0x781389]
V  [jvm.dll+0x782ae3]
V  [jvm.dll+0x783143]
V  [jvm.dll+0x216265]
V  [jvm.dll+0x6281d9]
V  [jvm.dll+0x61cd15]
V  [jvm.dll+0x2d01fd]
V  [jvm.dll+0x2d0062]
V  [jvm.dll+0x2d603c]
V  [jvm.dll+0x325b2a]
V  [jvm.dll+0x3251f4]
V  [jvm.dll+0x2a717a]
V  [jvm.dll+0x2a8318]
V  [jvm.dll+0x75e101]
V  [jvm.dll+0x3343e4]
V  [jvm.dll+0x73e826]
V  [jvm.dll+0x3b7777]
V  [jvm.dll+0x3b9201]
C  [jli.dll+0x52fb]
C  [ucrtbase.dll+0x21bb2]
C  [KERNEL32.DLL+0x17614]
C  [ntdll.dll+0x526a1]


---------------  P R O C E S S  ---------------

Threads class SMR info:
_java_thread_list=0x00007ffa64534ff0, length=0, elements={
}

Java Threads: ( => current thread )

Other Threads:
  0x000001f0687c60a0 GCTaskThread "GC Thread#0" [stack: 0x0000002203b00000,0x0000002203c00000] [id=11548]
  0x000001f0687d3bc0 ConcurrentGCThread "G1 Main Marker" [stack: 0x0000002203c00000,0x0000002203d00000] [id=1864]
  0x000001f0687d4f50 ConcurrentGCThread "G1 Conc#0" [stack: 0x0000002203d00000,0x0000002203e00000] [id=3628]

[error occurred during error reporting (printing all threads), id 0xc0000005, EXCEPTION_ACCESS_VIOLATION (0xc0000005) at pc=0x00007ffa63d28047]

VM state: not at safepoint (not fully initialized)

VM Mutex/Monitor currently owned by a thread:  ([mutex/lock_event])
[0x000001f06878a330] Heap_lock - owner thread: 0x000001f06878f5c0

Heap address: 0x00000000a3200000, size: 1486 MB, Compressed Oops mode: 32-bit
CDS archive(s) mapped at: [0x0000000000000000-0x0000000000000000-0x0000000000000000), size 0, SharedBaseAddress: 0x0000000800000000, ArchiveRelocationMode: 0.
Narrow klass base: 0x0000000000000000, Narrow klass shift: 0, Narrow klass range: 0x0

Heap:
 garbage-first heap   total 96256K, used 0K [0x00000000a3200000, 0x0000000100000000)
  region size 1024K, 0 young (0K), 0 survivors (0K)
 Metaspace       used 0K, capacity 0K, committed 0K, reserved 0K
  class space    used 0K, capacity 0K, committed 0K, reserved 0K

Heap Regions: E=young(eden), S=young(survivor), O=old, HS=humongous(starts), HC=humongous(continues), CS=collection set, F=free, OA=open archive, CA=closed archive, TAMS=top-at-mark-start (previous, next)

Card table byte_map: [0x000001f072af0000,0x000001f072de0000] _byte_map_base: 0x000001f0725d7000

Marking Bits (Prev, Next): (CMBitMap*) 0x000001f0687c78a0, (CMBitMap*) 0x000001f0687c78e0
 Prev Bits: [0x000001f0730d0000, 0x000001f074808000)
 Next Bits: [0x000001f074810000, 0x000001f075f48000)

GC Heap History (0 events):
No events

Deoptimization events (0 events):
No events

Classes unloaded (0 events):
No events

Classes redefined (0 events):
No events

Internal exceptions (0 events):
No events

Events (1 events):
Event: 0.011 Loaded shared library C:\Program Files\Java\jdk-15.0.1\bin\java.dll


Dynamic libraries:
0x00007ff679ce0000 - 0x00007ff679cef000 	C:\Program Files\Java\jdk-15.0.1\bin\java.exe
0x00007ffa94a30000 - 0x00007ffa94c28000 	C:\WINDOWS\SYSTEM32\ntdll.dll
0x00007ffa93f20000 - 0x00007ffa93fdf000 	C:\WINDOWS\System32\KERNEL32.DLL
0x00007ffa92760000 - 0x00007ffa92a32000 	C:\WINDOWS\System32\KERNELBASE.dll
0x00007ffa92480000 - 0x00007ffa92580000 	C:\WINDOWS\System32\ucrtbase.dll
0x00007ffa82e90000 - 0x00007ffa82ea9000 	C:\Program Files\Java\jdk-15.0.1\bin\VCRUNTIME140.dll
0x00007ffa70b90000 - 0x00007ffa70ba8000 	C:\Program Files\Java\jdk-15.0.1\bin\jli.dll
0x00007ffa92f60000 - 0x00007ffa9300e000 	C:\WINDOWS\System32\ADVAPI32.dll
0x00007ffa94050000 - 0x00007ffa940ee000 	C:\WINDOWS\System32\msvcrt.dll
0x00007ffa94670000 - 0x00007ffa9470c000 	C:\WINDOWS\System32\sechost.dll
0x00007ffa93b60000 - 0x00007ffa93c85000 	C:\WINDOWS\System32\RPCRT4.dll
0x00007ffa93880000 - 0x00007ffa93a21000 	C:\WINDOWS\System32\USER32.dll
0x00007ffa7f2b0000 - 0x00007ffa7f54a000 	C:\WINDOWS\WinSxS\amd64_microsoft.windows.common-controls_6595b64144ccf1df_6.0.19041.1110_none_60b5254171f9507e\COMCTL32.dll
0x00007ffa92a40000 - 0x00007ffa92a62000 	C:\WINDOWS\System32\win32u.dll
0x00007ffa92f30000 - 0x00007ffa92f5b000 	C:\WINDOWS\System32\GDI32.dll
0x00007ffa92190000 - 0x00007ffa9229f000 	C:\WINDOWS\System32\gdi32full.dll
0x00007ffa922a0000 - 0x00007ffa9233d000 	C:\WINDOWS\System32\msvcp_win.dll
0x00007ffa852a0000 - 0x00007ffa852aa000 	C:\WINDOWS\SYSTEM32\VERSION.dll
0x00007ffa93a30000 - 0x00007ffa93a62000 	C:\WINDOWS\System32\IMM32.DLL
0x00007ffa84880000 - 0x00007ffa8488c000 	C:\Program Files\Java\jdk-15.0.1\bin\vcruntime140_1.dll
0x00007ffa777b0000 - 0x00007ffa77841000 	C:\Program Files\Java\jdk-15.0.1\bin\msvcp140.dll
0x00007ffa63a70000 - 0x00007ffa645ce000 	C:\Program Files\Java\jdk-15.0.1\bin\server\jvm.dll
0x00007ffa94040000 - 0x00007ffa94048000 	C:\WINDOWS\System32\PSAPI.DLL
0x00007ffa8b1e0000 - 0x00007ffa8b1e9000 	C:\WINDOWS\SYSTEM32\WSOCK32.dll
0x00007ffa79390000 - 0x00007ffa793b7000 	C:\WINDOWS\SYSTEM32\WINMM.dll
0x00007ffa94720000 - 0x00007ffa9478b000 	C:\WINDOWS\System32\WS2_32.dll
0x00007ffa8ffe0000 - 0x00007ffa8fff2000 	C:\WINDOWS\SYSTEM32\kernel.appcore.dll
0x00007ffa837c0000 - 0x00007ffa837ca000 	C:\Program Files\Java\jdk-15.0.1\bin\jimage.dll
0x00007ffa830d0000 - 0x00007ffa832b4000 	C:\WINDOWS\SYSTEM32\DBGHELP.DLL
0x00007ffa82d90000 - 0x00007ffa82dc5000 	C:\WINDOWS\SYSTEM32\dbgcore.DLL
0x00007ffa92340000 - 0x00007ffa923c2000 	C:\WINDOWS\System32\bcryptPrimitives.dll
0x00007ffa7cab0000 - 0x00007ffa7cad5000 	C:\Program Files\Java\jdk-15.0.1\bin\java.dll

dbghelp: loaded successfully - version: 4.0.5 - missing functions: none
symbol engine: initialized successfully - sym options: 0x614 - pdb path: .;C:\Program Files\Java\jdk-15.0.1\bin;C:\WINDOWS\SYSTEM32;C:\WINDOWS\WinSxS\amd64_microsoft.windows.common-controls_6595b64144ccf1df_6.0.19041.1110_none_60b5254171f9507e;C:\Program Files\Java\jdk-15.0.1\bin\server

VM Arguments:
java_command: com.portfolio.wmg.WmgApplication
java_class_path (initial): C:\Users\Hp\Desktop\Project ArgProg\BackEnd\target\classes;C:\Users\Hp\.m2\repository\org\springframework\boot\spring-boot-starter-data-jpa\2.7.5\spring-boot-starter-data-jpa-2.7.5.jar;C:\Users\Hp\.m2\repository\org\springframework\boot\spring-boot-starter-aop\2.7.5\spring-boot-starter-aop-2.7.5.jar;C:\Users\Hp\.m2\repository\org\aspectj\aspectjweaver\1.9.7\aspectjweaver-1.9.7.jar;C:\Users\Hp\.m2\repository\org\springframework\boot\spring-boot-starter-jdbc\2.7.5\spring-boot-starter-jdbc-2.7.5.jar;C:\Users\Hp\.m2\repository\com\zaxxer\HikariCP\4.0.3\HikariCP-4.0.3.jar;C:\Users\Hp\.m2\repository\org\springframework\spring-jdbc\5.3.23\spring-jdbc-5.3.23.jar;C:\Users\Hp\.m2\repository\jakarta\transaction\jakarta.transaction-api\1.3.3\jakarta.transaction-api-1.3.3.jar;C:\Users\Hp\.m2\repository\jakarta\persistence\jakarta.persistence-api\2.2.3\jakarta.persistence-api-2.2.3.jar;C:\Users\Hp\.m2\repository\org\hibernate\hibernate-core\5.6.12.Final\hibernate-core-5.6.12.Final.jar;C:\Users\Hp\.m2\repository\org\jboss\logging\jboss-logging\3.4.3.Final\jboss-logging-3.4.3.Final.jar;C:\Users\Hp\.m2\repository\net\bytebuddy\byte-buddy\1.12.18\byte-buddy-1.12.18.jar;C:\Users\Hp\.m2\repository\antlr\antlr\2.7.7\antlr-2.7.7.jar;C:\Users\Hp\.m2\repository\org\jboss\jandex\2.4.2.Final\jandex-2.4.2.Final.jar;C:\Users\Hp\.m2\repository\com\fasterxml\classmate\1.5.1\classmate-1.5.1.jar;C:\Users\Hp\.m2\repository\org\hibernate\common\hibernate-commons-annotations\5.1.2.Final\hibernate-commons-annotations-5.1.2.Final.jar;C:\Users\Hp\.m2\repository\org\glassfish\jaxb\jaxb-runtime\2.3.7\jaxb-runtime-2.3.7.jar;C:\Users\Hp\.m2\repository\org\glassfish\jaxb\txw2\2.3.7\txw2-2.3.7.jar;C:\Users\Hp\.m2\repository\com\sun\istack\istack-commons-runtime\3.0.12\istack-commons-runtime-3.0.12.jar;C:\Users\Hp\.m2\repository\com\sun\activation\jakarta.activation\1.2.2\jakarta.activation-1.2.2.jar;C:\Users\Hp\.m2\repository\org\springframework\data\spring-data-jpa\2.7.5\spring-d
Launcher Type: SUN_STANDARD

[Global flags]
     intx CICompilerCount                          = 3                                         {product} {ergonomic}
     uint ConcGCThreads                            = 1                                         {product} {ergonomic}
     uint G1ConcRefinementThreads                  = 4                                         {product} {ergonomic}
   size_t G1HeapRegionSize                         = 1048576                                   {product} {ergonomic}
    uintx GCDrainStackTargetSize                   = 64                                        {product} {ergonomic}
   size_t InitialHeapSize                          = 98566144                                  {product} {ergonomic}
   size_t MarkStackSize                            = 4194304                                   {product} {ergonomic}
   size_t MaxHeapSize                              = 1558183936                                {product} {ergonomic}
   size_t MinHeapDeltaBytes                        = 1048576                                   {product} {ergonomic}
   size_t MinHeapSize                              = 8388608                                   {product} {ergonomic}
    uintx NonNMethodCodeHeapSize                   = 5832780                                {pd product} {ergonomic}
    uintx NonProfiledCodeHeapSize                  = 122912730                              {pd product} {ergonomic}
    uintx ProfiledCodeHeapSize                     = 122912730                              {pd product} {ergonomic}
    uintx ReservedCodeCacheSize                    = 251658240                              {pd product} {ergonomic}
     bool SegmentedCodeCache                       = true                                      {product} {ergonomic}
   size_t SoftMaxHeapSize                          = 1558183936                             {manageable} {ergonomic}
     bool UseCompressedClassPointers               = true                                 {lp64_product} {ergonomic}
     bool UseCompressedOops                        = true                                 {lp64_product} {ergonomic}
     bool UseG1GC                                  = true                                      {product} {ergonomic}
     bool UseLargePagesIndividualAllocation        = false                                  {pd product} {ergonomic}

Logging:
Log output configuration:
 #0: stdout all=warning uptime,level,tags
 #1: stderr all=off uptime,level,tags

Environment Variables:
JAVA_HOME=C:\Program Files\Java\jdk-15.0.1
PATH=C:\Program Files\Common Files\Oracle\Java\javapath;C:\Program Files\Common Files\Microsoft Shared\Windows Live;C:\WINDOWS\system32;C:\WINDOWS;C:\WINDOWS\System32\Wbem;C:\WINDOWS\System32\WindowsPowerShell\v1.0\;c:\Program Files (x86)\Common Files\Roxio Shared\DLLShared\;c:\Program Files (x86)\Common Files\Roxio Shared\12.0\DLLShared\;C:\WINDOWS\System32\OpenSSH\;c:\Program Files (x86)\Microsoft SQL Server\100\Tools\Binn\;c:\Program Files\Microsoft SQL Server\100\Tools\Binn\;c:\Program Files\Microsoft SQL Server\100\DTS\Binn\;c:\Program Files (x86)\Microsoft SQL Server\100\Tools\Binn\VSShell\Common7\IDE\;c:\Program Files (x86)\Microsoft SQL Server\100\DTS\Binn\;C:\Program Files\Git\cmd;C:\Program Files\nodejs\;C:\Users\Hp\AppData\Local\Microsoft\WindowsApps;;C:\Users\Hp\AppData\Local\Programs\Microsoft VS Code\bin;C:\Users\Hp\AppData\Roaming\npm;C:\Program Files\heroku\bin
USERNAME=Hp
OS=Windows_NT
PROCESSOR_IDENTIFIER=Intel64 Family 6 Model 37 Stepping 5, GenuineIntel



---------------  S Y S T E M  ---------------

OS:
 Windows 10 , 64 bit Build 19041 (10.0.19041.2364)
OS uptime: 3 days 11:42 hours

CPU: total 4 (initial active 4) (2 cores per cpu, 2 threads per core) family 6 model 37 stepping 5 microcode 0x7, cmov, cx8, fxsr, mmx, sse, sse2, sse3, ssse3, sse4.1, sse4.2, popcnt, ht, tsc, tscinvbit, clflush

Memory: 4k page, system-wide physical 5941M (640M free)
TotalPageFile size 24373M (AvailPageFile size 64M)
current process WorkingSet (physical memory assigned to process): 10M, peak: 10M
current process commit charge ("private bytes"): 51M, peak: 145M

vm_info: Java HotSpot(TM) 64-Bit Server VM (15.0.1+9-18) for windows-amd64 JRE (15.0.1+9-18), built on Sep 15 2020 14:43:54 by "mach5one" with unknown MS VC++:1925

END.
